<?xml version="1.0" encoding="UTF-8"?>
<!-- Generated by org.testng.reporters.JUnitReportReporter -->
<testsuite hostname="kapil-HP-ProBook-4440s" name="com.springer.omelet.test.data.PropertyMappingTest" tests="6" failures="0" timestamp="27 Nov 2014 07:26:35 GMT" time="0.003" errors="0">
  <testcase name="singleFilePathConstructor" time="0.001" classname="com.springer.omelet.test.data.PropertyMappingTest"/>
  <testcase name="expectException_keyMissing_String" time="0.001" classname="com.springer.omelet.test.data.PropertyMappingTest"/>
  <testcase name="propConstuctor" time="0.000" classname="com.springer.omelet.test.data.PropertyMappingTest"/>
  <testcase name="hashMapConstructor" time="0.000" classname="com.springer.omelet.test.data.PropertyMappingTest"/>
  <testcase name="expectException_keyMissing_enum" time="0.001" classname="com.springer.omelet.test.data.PropertyMappingTest"/>
  <testcase name="multipleFilePathConstructor" time="0.000" classname="com.springer.omelet.test.data.PropertyMappingTest"/>
</testsuite> <!-- com.springer.omelet.test.data.PropertyMappingTest -->
