<?xml version="1.0" encoding="UTF-8"?>
<!-- Generated by org.testng.reporters.JUnitReportReporter -->
<testsuite hostname="kapil-HP-ProBook-4440s" name="com.springer.omelet.test.data.RefinedBrowserConfTests" tests="6" failures="0" timestamp="27 Nov 2014 07:26:35 GMT" time="0.006" errors="0">
  <testcase name="verifyIfClient_CommandLine_Blank" time="0.001" classname="com.springer.omelet.test.data.RefinedBrowserConfTests"/>
  <testcase name="verifyIfClientEnvPresentAndCommandLineBlank" time="0.001" classname="com.springer.omelet.test.data.RefinedBrowserConfTests"/>
  <testcase name="verifyCommandLineNotPresent" time="0.001" classname="com.springer.omelet.test.data.RefinedBrowserConfTests"/>
  <testcase name="ifCommandLineAndOtherPresent" time="0.001" classname="com.springer.omelet.test.data.RefinedBrowserConfTests"/>
  <testcase name="frameworkBlanAndCheckDefault" time="0.001" classname="com.springer.omelet.test.data.RefinedBrowserConfTests"/>
  <testcase name="verifyFrameworkPropertiesValueSet" time="0.001" classname="com.springer.omelet.test.data.RefinedBrowserConfTests"/>
</testsuite> <!-- com.springer.omelet.test.data.RefinedBrowserConfTests -->
