<?xml version="1.0" encoding="UTF-8"?>
<!-- Generated by org.testng.reporters.JUnitReportReporter -->
<testsuite hostname="kapil-HP-ProBook-4440s" name="com.springer.omelet.test.libraries.UtilsTest" tests="1" failures="0" timestamp="27 Nov 2014 07:26:35 GMT" time="0.009" errors="0">
  <testcase name="verifyIntegerListFromString" time="0.009" classname="com.springer.omelet.test.libraries.UtilsTest"/>
</testsuite> <!-- com.springer.omelet.test.libraries.UtilsTest -->
