<?xml version="1.0" encoding="UTF-8"?>
<!-- Generated by org.testng.reporters.JUnitReportReporter -->
<testsuite hostname="kapil-HP-ProBook-4440s" name="framework.integration.browserup.TestCheck" tests="1" failures="0" timestamp="29 Aug 2014 10:41:46 GMT" time="126.487" errors="0">
  <testcase name="createTestNgObject" time="126.487" classname="framework.integration.browserup.TestCheck"/>
</testsuite> <!-- framework.integration.browserup.TestCheck -->
