<?xml version="1.0" encoding="UTF-8"?>
<!-- Generated by org.testng.reporters.JUnitReportReporter -->
<testsuite hostname="kapil-HP-ProBook-4440s" name="framework.integration.browserup.BeforeMethodPresent" tests="1" failures="0" timestamp="2 Sep 2014 04:44:55 GMT" time="3.599" errors="0">
  <testcase name="verifySameBrowserInstance" time="3.599" classname="framework.integration.browserup.BeforeMethodPresent"/>
</testsuite> <!-- framework.integration.browserup.BeforeMethodPresent -->
