<?xml version="1.0" encoding="UTF-8"?>
<!-- Generated by org.testng.reporters.JUnitReportReporter -->
<testsuite hostname="kapil-HP-ProBook-4440s" name="framework.libraries.Utils_Test" tests="1" failures="0" timestamp="4 Sep 2014 09:02:45 GMT" time="0.001" errors="0">
  <testcase name="verifyIntegerListFromString" time="0.001" classname="framework.libraries.Utils_Test"/>
</testsuite> <!-- framework.libraries.Utils_Test -->
