<?xml version="1.0" encoding="UTF-8"?>
<!-- Generated by org.testng.reporters.JUnitReportReporter -->
<testsuite hostname="kapil-HP-ProBook-4440s" name="framework.integration.test.TestCheck" tests="3" failures="0" timestamp="2 Sep 2014 04:44:59 GMT" time="13.256" errors="0">
  <testcase name="beforeAndAfterMethodTest" time="5.442" classname="framework.integration.test.TestCheck"/>
  <testcase name="createTestNgObject" time="4.102" classname="framework.integration.test.TestCheck"/>
  <testcase name="beforeMethodPresentTest" time="3.712" classname="framework.integration.test.TestCheck"/>
</testsuite> <!-- framework.integration.test.TestCheck -->
