<?xml version="1.0" encoding="UTF-8"?>
<!-- Generated by org.testng.reporters.JUnitReportReporter -->
<testsuite hostname="kapil-HP-ProBook-4440s" name="framework.integration.TestCheck" tests="1" failures="0" timestamp="29 Aug 2014 08:32:54 GMT" time="616.833" errors="0">
  <testcase name="createTestNgObject" time="616.833" classname="framework.integration.TestCheck"/>
</testsuite> <!-- framework.integration.TestCheck -->
