<?xml version="1.0" encoding="UTF-8"?>
<!-- Generated by org.testng.reporters.JUnitReportReporter -->
<testsuite hostname="kapil-HP-ProBook-4440s" name="framework.data.BrowserXmlParserTest" tests="3" failures="0" timestamp="4 Sep 2014 09:02:45 GMT" time="0.021" errors="0">
  <testcase name="verifyBrowserConf_singleXml" time="0.003" classname="framework.data.BrowserXmlParserTest"/>
  <testcase name="verifySingleXMLMultiBrowser" time="0.005" classname="framework.data.BrowserXmlParserTest"/>
  <testcase name="mutipleXml" time="0.013" classname="framework.data.BrowserXmlParserTest"/>
</testsuite> <!-- framework.data.BrowserXmlParserTest -->
