<?xml version="1.0" encoding="UTF-8"?>
<!-- Generated by org.testng.reporters.JUnitReportReporter -->
<testsuite hostname="kapil-HP-ProBook-4440s" name="framework.test.BrowserConfTest" tests="5" failures="0" timestamp="30 Jul 2014 06:58:56 GMT" time="0.064" errors="0">
  <testcase name="remoteFlagOn_2" time="0.002" classname="framework.test.BrowserConfTest"/>
  <testcase name="remoteFlagOn_3" time="0.002" classname="framework.test.BrowserConfTest"/>
  <testcase name="remoteFlag_4" time="0.001" classname="framework.test.BrowserConfTest"/>
  <testcase name="remoteFlagOn" time="0.001" classname="framework.test.BrowserConfTest"/>
  <testcase name="checkBrowserConfEquality_RemoteFlagOFF" time="0.058" classname="framework.test.BrowserConfTest"/>
</testsuite> <!-- framework.test.BrowserConfTest -->
