<?xml version="1.0" encoding="UTF-8"?>
<!-- Generated by org.testng.reporters.JUnitReportReporter -->
<testsuite hostname="kapil-HP-ProBook-4440s" name="framework.test.MappingParserTest" tests="4" failures="0" timestamp="11 Aug 2014 17:36:43 GMT" time="0.705" errors="0">
  <testcase name="testEmptyProjectNameInMappingFile" time="0.670" classname="framework.test.MappingParserTest"/>
  <testcase name="testGetProjectNameFromMappingFile" time="0.006" classname="framework.test.MappingParserTest"/>
  <testcase name="testGetProjectNameFromSystemProperty" time="0.007" classname="framework.test.MappingParserTest"/>
  <testcase name="testProjectNameNotInMappingFile" time="0.022" classname="framework.test.MappingParserTest"/>
</testsuite> <!-- framework.test.MappingParserTest -->
