<?xml version="1.0" encoding="UTF-8"?>
<!-- Generated by org.testng.reporters.JUnitReportReporter -->
<testsuite hostname="kapil-HP-ProBook-4440s" name="framework.data.MappingParserTest" tests="4" failures="0" timestamp="4 Sep 2014 09:02:45 GMT" time="0.195" errors="0">
  <testcase name="testProjectNameNotInMappingFile" time="0.003" classname="framework.data.MappingParserTest"/>
  <testcase name="testGetProjectNameFromSystemProperty" time="0.004" classname="framework.data.MappingParserTest"/>
  <testcase name="testGetProjectNameFromMappingFile" time="0.005" classname="framework.data.MappingParserTest"/>
  <testcase name="testEmptyProjectNameInMappingFile" time="0.183" classname="framework.data.MappingParserTest"/>
</testsuite> <!-- framework.data.MappingParserTest -->
