<?xml version="1.0" encoding="UTF-8"?>
<!-- Generated by org.testng.reporters.JUnitReportReporter -->
<testsuite hostname="kapil-HP-ProBook-4440s" name="framework.test.BrowserConf_isEqual" tests="5" failures="0" timestamp="1 Aug 2014 11:30:32 GMT" time="0.087" errors="0">
  <testcase name="remoteFlag_4" time="0.002" classname="framework.test.BrowserConf_isEqual"/>
  <testcase name="remoteFlagOn_3" time="0.003" classname="framework.test.BrowserConf_isEqual"/>
  <testcase name="remoteFlagOn" time="0.003" classname="framework.test.BrowserConf_isEqual"/>
  <testcase name="checkBrowserConfEquality_RemoteFlagOFF" time="0.075" classname="framework.test.BrowserConf_isEqual"/>
  <testcase name="remoteFlagOn_2" time="0.004" classname="framework.test.BrowserConf_isEqual"/>
</testsuite> <!-- framework.test.BrowserConf_isEqual -->
