<?xml version="1.0" encoding="UTF-8"?>
<!-- Generated by org.testng.reporters.JUnitReportReporter -->
<testsuite hostname="kapil-HP-ProBook-4440s" name="framework.data.PropertyMapping_Test" tests="6" failures="0" timestamp="4 Sep 2014 09:02:45 GMT" time="0.021" errors="0">
  <testcase name="multipleFilePathConstructor" time="0.003" classname="framework.data.PropertyMapping_Test"/>
  <testcase name="hashMapConstructor" time="0.012" classname="framework.data.PropertyMapping_Test"/>
  <testcase name="expectException_keyMissing_String" time="0.001" classname="framework.data.PropertyMapping_Test"/>
  <testcase name="expectException_keyMissing_enum" time="0.003" classname="framework.data.PropertyMapping_Test"/>
  <testcase name="propConstuctor" time="0.001" classname="framework.data.PropertyMapping_Test"/>
  <testcase name="singleFilePathConstructor" time="0.001" classname="framework.data.PropertyMapping_Test"/>
</testsuite> <!-- framework.data.PropertyMapping_Test -->
