<?xml version="1.0" encoding="UTF-8"?>
<!-- Generated by org.testng.reporters.JUnitReportReporter -->
<testsuite hostname="kapil-HP-ProBook-4440s" name="framework.data.BrowserConf_isEqual" tests="5" failures="0" timestamp="4 Sep 2014 09:02:45 GMT" time="0.014" errors="0">
  <testcase name="remoteFlagOn_2" time="0.002" classname="framework.data.BrowserConf_isEqual"/>
  <testcase name="remoteFlagOn" time="0.003" classname="framework.data.BrowserConf_isEqual"/>
  <testcase name="checkBrowserConfEquality_RemoteFlagOFF" time="0.004" classname="framework.data.BrowserConf_isEqual"/>
  <testcase name="remoteFlag_4" time="0.002" classname="framework.data.BrowserConf_isEqual"/>
  <testcase name="remoteFlagOn_3" time="0.003" classname="framework.data.BrowserConf_isEqual"/>
</testsuite> <!-- framework.data.BrowserConf_isEqual -->
