<?xml version="1.0" encoding="UTF-8"?>
<!-- Generated by org.testng.reporters.JUnitReportReporter -->
<testsuite hostname="kapil-HP-ProBook-4440s" name="framework.integration.browserup.SimpleTest" tests="1" failures="0" timestamp="2 Sep 2014 04:44:59 GMT" time="3.983" errors="0">
  <testcase name="default_BrowserUP" time="3.983" classname="framework.integration.browserup.SimpleTest"/>
</testsuite> <!-- framework.integration.browserup.SimpleTest -->
