<?xml version="1.0" encoding="UTF-8"?>
<!-- Generated by org.testng.reporters.JUnitReportReporter -->
<testsuite hostname="kapil-HP-ProBook-4440s" name="com.springer.omelet.test.data.BrowserXmlParserTest" tests="3" failures="0" timestamp="27 Nov 2014 07:26:35 GMT" time="0.153" errors="0">
  <testcase name="verifySingleXMLMultiBrowser" time="0.002" classname="com.springer.omelet.test.data.BrowserXmlParserTest"/>
  <testcase name="mutipleXml" time="0.148" classname="com.springer.omelet.test.data.BrowserXmlParserTest"/>
  <testcase name="verifyBrowserConf_singleXml" time="0.003" classname="com.springer.omelet.test.data.BrowserXmlParserTest"/>
</testsuite> <!-- com.springer.omelet.test.data.BrowserXmlParserTest -->
