<?xml version="1.0" encoding="UTF-8"?>
<!-- Generated by org.testng.reporters.JUnitReportReporter -->
<testsuite hostname="kapil-HP-ProBook-4440s" name="com.springer.omelet.test.data.BrowserConfigurationTest" tests="4" failures="0" timestamp="27 Nov 2014 07:26:35 GMT" time="0.001" errors="0">
  <testcase name="verifyHubConfigDefaults" time="0.000" classname="com.springer.omelet.test.data.BrowserConfigurationTest"/>
  <testcase name="verifyBrowserStackConfigDefaults" time="0.001" classname="com.springer.omelet.test.data.BrowserConfigurationTest"/>
  <testcase name="verifyFrameworkConfigDefaults" time="0.000" classname="com.springer.omelet.test.data.BrowserConfigurationTest"/>
  <testcase name="verifyLocalConfigDefaults" time="0.000" classname="com.springer.omelet.test.data.BrowserConfigurationTest"/>
</testsuite> <!-- com.springer.omelet.test.data.BrowserConfigurationTest -->
