<?xml version="1.0" encoding="UTF-8"?>
<!-- Generated by org.testng.reporters.JUnitReportReporter -->
<testsuite hostname="kapil-HP-ProBook-4440s" name="com.springer.omelet.test.libraries.UtilsTest" tests="1" failures="0" timestamp="4 Sep 2014 11:37:56 GMT" time="0.000" errors="0">
  <testcase name="verifyIntegerListFromString" time="0.000" classname="com.springer.omelet.test.libraries.UtilsTest"/>
</testsuite> <!-- com.springer.omelet.test.libraries.UtilsTest -->
