<?xml version="1.0" encoding="UTF-8"?>
<!-- Generated by org.testng.reporters.JUnitReportReporter -->
<testsuite hostname="kapil-HP-ProBook-4440s" name="com.springer.omelet.test.data.BrowserConfIsEqualTest" tests="7" failures="0" timestamp="27 Nov 2014 07:26:35 GMT" time="0.004" errors="0">
  <testcase name="checkBrowserConfEquality_RemoteFlagOFF" time="0.000" classname="com.springer.omelet.test.data.BrowserConfIsEqualTest"/>
  <testcase name="remoteBsMobileOnDevicesEqualsBrowserEquals" time="0.000" classname="com.springer.omelet.test.data.BrowserConfIsEqualTest"/>
  <testcase name="remoteFlagOn" time="0.001" classname="com.springer.omelet.test.data.BrowserConfIsEqualTest"/>
  <testcase name="remoteBsMobileOnDevicesNotEqualsBrowserEquals" time="0.001" classname="com.springer.omelet.test.data.BrowserConfIsEqualTest"/>
  <testcase name="remoteFlag_4" time="0.000" classname="com.springer.omelet.test.data.BrowserConfIsEqualTest"/>
  <testcase name="remoteFlagOn_3" time="0.001" classname="com.springer.omelet.test.data.BrowserConfIsEqualTest"/>
  <testcase name="remoteFlagOn_2" time="0.001" classname="com.springer.omelet.test.data.BrowserConfIsEqualTest"/>
</testsuite> <!-- com.springer.omelet.test.data.BrowserConfIsEqualTest -->
