<?xml version="1.0" encoding="UTF-8"?>
<!-- Generated by org.testng.reporters.JUnitReportReporter -->
<testsuite hostname="kapil-HP-ProBook-4440s" name="com.springer.omelet.test.data.BrowserXmlParserTest" tests="3" failures="0" timestamp="4 Sep 2014 11:37:56 GMT" time="0.020" errors="0">
  <testcase name="mutipleXml" time="0.005" classname="com.springer.omelet.test.data.BrowserXmlParserTest"/>
  <testcase name="verifySingleXMLMultiBrowser" time="0.009" classname="com.springer.omelet.test.data.BrowserXmlParserTest"/>
  <testcase name="verifyBrowserConf_singleXml" time="0.006" classname="com.springer.omelet.test.data.BrowserXmlParserTest"/>
</testsuite> <!-- com.springer.omelet.test.data.BrowserXmlParserTest -->
