<?xml version="1.0" encoding="UTF-8"?>
<!-- Generated by org.testng.reporters.JUnitReportReporter -->
<testsuite hostname="kapil-HP-ProBook-4440s" name="com.springer.omelet.test.data.BrowserConfIsEqualTest" tests="5" failures="0" timestamp="4 Sep 2014 11:37:56 GMT" time="0.014" errors="0">
  <testcase name="remoteFlagOn_3" time="0.004" classname="com.springer.omelet.test.data.BrowserConfIsEqualTest"/>
  <testcase name="remoteFlagOn" time="0.002" classname="com.springer.omelet.test.data.BrowserConfIsEqualTest"/>
  <testcase name="remoteFlagOn_2" time="0.003" classname="com.springer.omelet.test.data.BrowserConfIsEqualTest"/>
  <testcase name="checkBrowserConfEquality_RemoteFlagOFF" time="0.003" classname="com.springer.omelet.test.data.BrowserConfIsEqualTest"/>
  <testcase name="remoteFlag_4" time="0.002" classname="com.springer.omelet.test.data.BrowserConfIsEqualTest"/>
</testsuite> <!-- com.springer.omelet.test.data.BrowserConfIsEqualTest -->
