<?xml version="1.0" encoding="UTF-8"?>
<!-- Generated by org.testng.reporters.JUnitReportReporter -->
<testsuite hostname="kapil-HP-ProBook-4440s" name="com.springer.omelet.test.data.BrowserConfMethodTest" tests="4" failures="0" timestamp="4 Sep 2014 11:37:56 GMT" time="0.013" errors="0">
  <testcase name="verifyMapValues" time="0.009" classname="com.springer.omelet.test.data.BrowserConfMethodTest"/>
  <testcase name="verifyCmd_Map_Mix" time="0.001" classname="com.springer.omelet.test.data.BrowserConfMethodTest"/>
  <testcase name="verifyMapValueEmpty" time="0.002" classname="com.springer.omelet.test.data.BrowserConfMethodTest"/>
  <testcase name="verifyCmdEmpty" time="0.001" classname="com.springer.omelet.test.data.BrowserConfMethodTest"/>
</testsuite> <!-- com.springer.omelet.test.data.BrowserConfMethodTest -->
