<?xml version="1.0" encoding="UTF-8"?>
<!-- Generated by org.testng.reporters.JUnitReportReporter -->
<testsuite hostname="kapil-HP-ProBook-4440s" name="com.springer.omelet.test.data.MappingParserTest" tests="4" failures="0" timestamp="4 Sep 2014 11:37:56 GMT" time="0.174" errors="0">
  <testcase name="testProjectNameNotInMappingFile" time="0.004" classname="com.springer.omelet.test.data.MappingParserTest"/>
  <testcase name="testGetProjectNameFromMappingFile" time="0.003" classname="com.springer.omelet.test.data.MappingParserTest"/>
  <testcase name="testEmptyProjectNameInMappingFile" time="0.162" classname="com.springer.omelet.test.data.MappingParserTest"/>
  <testcase name="testGetProjectNameFromSystemProperty" time="0.005" classname="com.springer.omelet.test.data.MappingParserTest"/>
</testsuite> <!-- com.springer.omelet.test.data.MappingParserTest -->
