<?xml version="1.0" encoding="UTF-8"?>
<!-- Generated by org.testng.reporters.JUnitReportReporter -->
<testsuite hostname="kapil-HP-ProBook-4440s" name="com.springer.omelet.test.data.VerifyBrowserValueTest" tests="1" failures="0" timestamp="4 Sep 2014 11:37:56 GMT" time="0.014" errors="0">
  <testcase name="checkDefaultOption" time="0.014" classname="com.springer.omelet.test.data.VerifyBrowserValueTest"/>
</testsuite> <!-- com.springer.omelet.test.data.VerifyBrowserValueTest -->
